Audi A6 2012
Audi A3 sports Model 1.6 TDI 110 BHP Manual
2019 Opel Crossland X 1.5 Diesel SE
Audi A6 2015 2.0TDI Ultra S-Tronic Automatic
2018 Mitsubishi Outlander 2.2 DI-D 150PS 4WD 7Seat
2015 Audi A6 Ultra SE 2.0TDI 150 bhp
Skoda Octavia style Model tiny Mileage 2.0tdi 11
SsangYong Korando SPORTS EX
Audi A6 S LINE 40 TDI S-A tech pack
Skoda Superb full Black Leather 2.0tdi 150HP Ma
Skoda Kamiq AMBITION 1.0 TSI 95BHP 5DR
Skoda Superb limited Stock sportline 2.0 TDI 150
SEAT Ibiza 2015 SC 1.2 70hp SPORT
BMW 5-Series 530D M Sport
Peugeot 3008 1.5HDI ACTIVE 130BHP 5DR
BMW 5-Series D G30 M SPORT 4DR AUTO
Skoda Octavia automatic winter Pack ambition 1.0
Audi A5 2013 Quattro Coupe SE Manual
Skoda Kodiaq ridiculous Spec style With ALL THE
Fiat 500 SPORT MHEV
DS Automobiles DS 4 ELEGANCE BLUEHDI S/S
2017 SEAT Alhambra 2.0 TDI AUTOMATIC 7 Seat
2018 Audi A6 Ultra SE 2.0TDI 150 bhp
Audi A3 1.6 TDI SE TECHNIK 116PS 5DR
Skoda Octavia 1.6 SE TDI 115PS 5DR A AUTO
Peugeot Partner ACTIVE 1.6 BLUE HDI 75 PANELLE
Peugeot 5008 ALLURE PREMIUM BLUEH
Suzuki Swift 1.2 DUALJET HYBRID SZ-L 5DR
Skoda Octavia one Owner ambition 2.0tdi 115HP
Peugeot 5008 1.6 HDI ACCESS 113BHP 5DR
Peugeot 2008 2016 1.6 Blue Hdi 75bhp Active
2015 Skoda Octavia STYLE 1.6TDI 110HP
2016 Discovery Sport 2.0D TD4 7 Seater
2019 Skoda Octavia 1.0TSI Petrol AMBITION 115HP
2016 Audi A4 2.0 TDI 150HP S Tronic S Line
Opel Astra 1.6D SRI (Top Spec)
Audi A6 2.0 TDI SE 177PS 4DR
Peugeot 3008 ALLURE PREMIUM B-HDI
Fiat 500 L 2016 7 Seater, Automatic
Skoda Karoq automatic top Spec - Style 2.0tdi 11
Skoda Kodiaq ridiculous Spec sportline With ALL
Skoda Fabia SE MPI
Skoda Octavia all New loaded selection 2.0tdi 1
2016 Skoda Fabia 1.0 MPI STYLE Petrol
2011 Audi Q5 2.0 TDI 170BHP QUATTRO
2018 Opel Mokka 1.4 Petrol
2017 Audi A6 SE Ultra 2.0TDI 150hp Automatic
Skoda Karoq sportline Seats selection Plus 2.0td
Peugeot 3008 GT LINE PREMIUM B-HD
Peugeot Partner 2018 1.6 HDI 3 SEATER VAN 90 BHP
Skoda Superb 2023 2.0 TDI 150 BHP AMBITION
Skoda Superb 2019 2.0 150BHP MANUAL AMBITION
Skoda Octavia 2019 1.6 TDI SOL 110BHP
Skoda Superb 2016 1.6 TDI 120BHP S
Audi A6 2013 2.0 TDI SE
Skoda Superb SE L EXECUTIVE TDI
2017 Range Rover Evoque 2.0 eD4 SE 2wd
2018 Skoda Citigo 1.0MPI AMBITION Petrol
2013 Audi A6 2.0D TDI SE
2013 Opel Astra ECOFLEX 1.3D CDTI 16V
2016 Skoda Octavia 1.6D TDI AMBITION 110HP
2018 Skoda Octavia ACTIVE 1.6TDI
2016 Skoda Octavia ACTIVE 1.6TDI 90HP
2016 Audi A4 Attraction Ultra 2.0TDI 150HP
2016 Discovery Sport 2.0 TD4 AUTO SE
2021 SEAT Leon 2.0TDI SE+
2016 Audi A4 2.0TDI 150HP SE Ultra
2015 SEAT Alhambra 2.0D TDI 7 Seater
2017 SEAT Ateca 1.6 TDI 115HP ECO
Peugeot 3008 2016
SEAT Arona 2019
Opel Astra 2015
Skoda Kodiaq SPORTLINE TDI SCR 4
Audi A5 SPORT TDI
BMW 5 Series massive Price Drop 520d M-sport Aut
BMW Irish 1-Series M Sport 2016 Automatic Petrol
Skoda Octavia octavia 2.0tdi 115HP Manual
Skoda Octavia manual Gearbox Exceptionally Rare
2017 SEAT IBIZA 1.2 PETROL SPORT MODEL
Skoda Kodiaq exclusive Colour side Steps sportli
SEAT Toledo 1.2 TSI 86BHP S 4DR
Peugeot Partner TEPEE ACTIVE B-HD
2014 Audi A1 S-Line Black edition Auto 1.4 TFSI
2017 Audi A6 2.0TDI S-Line Black Edition Auto
2017 Audi A6 2.0TDI Ultra Auto
SEAT Tarraco FR TDI S-A DSG
Skoda Fabia 2020
Skoda Kamiq kamiq Selection 1.0tsi 115HP
Skoda Kodiaq Selection 2.0tdi 150HP DSG
Peugeot 5008 ALLURE BLUEHDI S/S
SEAT Ateca FR TDI S-A DSG
2019 Skoda Superb 2.0 Ambition TDI DSG Automatic
2019 Skoda Superb 2.0 Ambition TDI DSG Automatic
2017 Range Rover Evoque 2.0 TD4 SE Automatic
SEAT Arona 2018 1.0 TSI 115hp Xcellence
Skoda Kodiaq panoramic Sunroof electric Boot sty
BMW 1-Series 118d Sport
Audi A5 S LINE 35 TDI MHEV S-A
Skoda Kamiq winter Pack parking Pack selection 1
Skoda Kodiaq cognac Leather selection Plus 2.0td
BMW 2-Series 218D 7 seater
Skoda Octavia 2019 Estate Diesel
SsangYong Tivoli 2016 Diesel 1.6
17 C220d 1 year warranty min 1.5k trade in allowa
18 Yaris min 1.5k trade in allow
14 ix35 min 1.5k trade in allowence
12 E200 MIN 1.5K TRADE IN ALLOWENCE
CX-5 4x4 min 1.5K trade in allowe
19 Duster min 1.5k trade in allow
18 330e min 1.5k trade in allowence
16 CX-5 1.5k min trade in allowance
14 E220d Min 1.5 k trade in allowance
16 Kuga Min 1.5k trade in allowance
16 318i min 1.5k trade in allowance
11 Mondeo new 12 mth nct
15 CX-5 min 1.5k trade in allowance
15 A4 Q min.1.5k trade in allowance
17 CLA Min 1.5k trade in allowance
15 320d min 1.5k trade in allowence
162 330e 1yr warranty min1.5k trade in allowence
18 Kodiaq min 1.5k trade in allowance
14 A4 min 1.5k min trade in allowance
16 A5 min 1.5k trade in allowance
15 Polo auto min1.5k trade in allowence
17 Insignia MIN 2K TRADE IN ALLOWE
14 GLA min 1.5k trade in allowence
13 C220d min 1.5k trade in allowence
14 V40 auto min 1.5k trade in allowence
18 ceed 1yr warranty & min 1.5k trade in allowan
17 Astra 1yr warranty & 1.5k min trade in allowenc
16 CR-v 4x4 auto min 1.5k trade in allowance
18 Corolla 1yr warranty & min 1.5k trade in allo
17 Tiguan 1yr warranty & min 1.5k trade in allowan
15 Sportage min 1.5k trade in allowance
18 EcoSport min 1.5k trade in allo
15 A6 s line min 1.5k trade in allowence
16 Captur min 1.5k trade in allowen
17 116d 1yr warranty & min 1.5k trade in allowe
15 520D min 1.5k trade in allowence
Skoda Octavia only 24 362 Kms ambition 1.6tdi 11
Peugeot Rifter ALLURE BLUEHDI
Skoda Octavia Ambition Model -- 1.6tdi 115HP
Skoda Octavia very Rare Stock selection BOX 2.0t
Skoda Octavia outrageous Spec alcantara Leather
Skoda Enyaq electric T/bar upgraded 20 Wheels e
Audi A4 2.0 TDI S LINE 190PS 4DR
BMW X1 SDRIVE16D SE ZXBA 4DR
Audi A4 Tis 1.4
2016 SEAT IBIZA 1.4 TDI DIESEL VAN
Skoda Octavia SE L FIRST EDITION
2014 Mercedes A180 1.6 AMG Line Auto
2018 Mercedes CLA Sport 2.1 CDI Auto
Skoda Kamiq automatic top Spec - Style 1.0tsi 11
AUDI A6 S-LINE AUTO 2017 * LOW MILES*
Skoda Karoq upgraded Leather top Spec - Style 2.
Audi A3 1.4 auto
Skoda Fabia limited Edition sports Pack 1.0 Lit
Peugeot 3008 2022
Audi A4 2022 Sline
2015 Audi Q3 SE TDI Quattro
BMW 2-Series 218d auto
PORSCHE CAYENNE S V6 PLATFORM ED TIPTRONIC
Opel Zafira TOURER SC 1.6 CDTI 5DR
BMW 2-Series 218D Msport 7 seater
Skoda Superb tiny Mileage automatic --style
Skoda Superb top Spec superb Sty 2.0tdi 150HP
Skoda Octavia ambition 2.0tdi 115 BHP Manual
BMW 5-Series D G30 SE 4DR AUTO
2015 Audi A3 1.4 TFSI SPORT 148BHP 4DR
2018 Audi A3 Sport 1.6 TDI *Mint* (76K Miles!)
AUDI A4 S-LINE 2017 LOW LOW MILAGE
SKODA KODIAQ AUTO DSG 4X4 7 SEATS 2019
AUDI A6 S-LINE 40 TDI NEW MODEL 2018 **67K miles*
BMW 330E F30 M SPORT PLUS PACK 2017
AUDI A6 QUATTRO 40TDI 2019 *MINT*
Peugeot 308 B6 ACTIVE 1.5 BLUE HDI 100 6.2 carvan
2019 Skoda Superb Style 2.0 TDI 150bhp
C MAX ACTIVE 1.6 TDCI 95PS MY11 4
Skoda Superb the ALL New Superb SEL - Combi 2.0
Skoda Octavia Combi Style 1.6tdi 115HP
Skoda Karoq ambition 1.6tdi 115BHP
Suzuki SX4, 2014 4x4
Skoda Kamiq sports Pack 1.0tsi 115HP
Skoda Kamiq flash Sale ambition 1.0tsi 110BHP
BMW 3-Series 320D Luxury
Skoda Superb electric Boot estate only 18 601kms
Audi A3 E-tron 1.4 Plug-In Hybrid
Skoda Octavia estate top - Spec selection Plus 2
Skoda Kodiaq tiny Mileage ambition Pack 7 Seater
Suzuki Vitara 1.0 Boosterjet SZ-t 2019
Skoda Kodiaq ambition--automatic--7 Seater 2.0 T
Skoda Superb sportline Sunroof 2.0tdi 150HP
Skoda Octavia SE L TSI S-A DSG
2023 BMW 520D M SPORT PRO PACK AUTO 190BHP
2015 AUDI A1 1.4TSI AUTOMATIC
2015 AUDI A1 SLINE 1.4TFSI AUTOMATIC
Skoda Octavia tiny Mileage octavia AMB 2.0tdi 11
Skoda Octavia top - Spec selection Plus 2.0tdi 1
Peugeot Partner HORIZON RS BLUE HDI S/S
BMW 1-Series 118D STYLE
Skoda Kodiaq ridiculous Spec sportline With ALL
Skoda Kodiaq sportline Pack electric Boot 2.0 TD
Skoda Karoq upgraded Leather selection Plus 2.0t
Audi A4 2.0 TDI SPORT ULTRA S-LINE 150PS 4 4DR
Audi Q5 S LINE TDI QUATTRO S-A
Audi A4 2.0 TDI SE ULTRA S/S 150PS 4DR
Peugeot Partner 850 S L1 BLUE HDI
BMW 5-Series D F10 M SPORT 4DR AUTO
BMW X5 XDRIVE 30D M SPORT G05K 4DR AUTO X30D
Skoda Octavia 1.6 TDI SE TECHNOLOGY 115PS 5DR
Audi A1 1.4 PETROL AUTOMATIC
Audi A3 AUTOMATIC 1.4 PETROL
BMW 3-Series 320D M SPORT
BMW 3-Series 330E M SPORT PLUG IN HYBRID
BMW X3 2.0 DIESEL X DRIVE AUTOMATIC
Audi A3 1.4 PETROL AUTOMATIC
BMW 1-Series 120I AUTOMATIC PETROL
BMW 1-Series 1.6 PETROL AUTOMATIC M SPORT
Skoda Octavia flash Sale 1.6tdi Diesel
Skoda Karoq parking Pack ambition 1.6tdi 115 BHP
Skoda Octavia ambition 2.0tdi 115HP
Skoda Octavia loaded With Extras se Tech 1.6tdi
Skoda Superb automatic ambition 2.0tdi 150HP
Skoda Fabia Fabia 1.0 Litre 80bhp
Audi A6 2.0 TDI BLACK EDITION ULTRA 187BHP 4DR S L
Skoda Octavia flash Sale ambition 2.0tdi 115HP
BMW 3-Series 320D SE 161
Skoda Octavia petrol Combi top Spec - Selction P
Skoda Kodiaq panoramic Sunroof ambiton Pack elec
Skoda Karoq big Engine 2.0tdi 150BHP Ambition
Skoda Kodiaq style Model -- Automatic -- 2.0tdi
BMW 1-Series D SE BUSINESS 5DR
Skoda Kodiaq tiny Mileage style Pack 7 Seater
Skoda Superb SEL Plus 2.0 TDI 150BHP Auto
Skoda Fabia concept Model fabia Selection 1.0mpi
2015 Skoda Superb 1.6 TDI Ambition
Skoda Kodiaq loaded Sportline 2.0tdi 150HP DSG
Skoda Kamiq selection 1.0tsi 115HP
2017 Skoda Octavia STYLE 1.6TDI
2015 VOLKSWAGAN CC 2.0 TDI COUPE
Skoda Kodiaq style Model -- Automatic -- 2.0tdi
BMW 5-Series D F10 SE 4DR
Skoda Octavia estate rare Stock selection BOX 2.
16 A4 SLINE Min 1.5k trade in allowance
Peugeot 5008 GT BLUEHDI S/S AUTO
Skoda Octavia black Pack upgraded Wheels ambitio
BMW X2 F39 XDRIVE18D SE 5DR
Peugeot 5008 ALLURE 1.5 BLUE HDI 130 6 6.2 4DR STR
Skoda Octavia fresh Into Stock elegance Trim 1.6
2017 SEAT Leon 2.0TDI FR Technology 150
Skoda Kodiaq massive Savings high Spec Exclusiv
Opel Insignia 1.6 TD ECOTEC SRI NAV 136PS 5DR
Skoda Kodiaq 7S AMBITION 2.0 TDI 150HP 4X 4DR
Skoda Kamiq automatic sports Pack winter Pack 1.
Skoda Kamiq sports Seats sports Pack 1.0tsi 115HP
RESERVED
RESERVED
18 Duste min 1.5k trade in allowa
Peugeot Partner BLUE HDI L1
Skoda Octavia automatic petrol se Model 1.5tsi 1
Audi A3 1.6 TDI SE TECHNIK 110PS 5DR
Skoda Kodiaq sportline Pack electric Boot 2.0 TD
Skoda Fabia exclusive Colour like New 1.0 TSI 11
Skoda Karoq automatic tiny Mileage selection Plu
Skoda Karoq tiny Mileage ambition 2.0tdi 115HP
Skoda Kodiaq sportline 2.0tdi 150BHP Automatic
Skoda Octavia estate active 1.6tdi 110HP
Peugeot 3008 GT LINE BLUEHDI S/S
Skoda Elroq all New Elroq 85 sportline
Skoda Karoq flash Sale ambition 1.6tdi 115BHP
Skoda Fabia 1.0mpi 60hp Ambition
Peugeot 308 1.6 Blue HDI 120bhp GT Line
SEAT Mii 1.0 75hp Cosmopolitan 5D
Peugeot 3008 1.5 Bluehdi 130bhp Allure Auto
Suzuki Swace Swace 1.8 Hybrid Sz-t CVT
Audi A3 1.0tfsi 115 Attraction Black Edition
Skoda Kodiaq tiny Mileage 2.0 TDI 150HP DSG Styl
Skoda Superb sportline top Spec Superb 2.0tdi 15
Peugeot Partner 850 PROFESSIONAL L2 HD
Skoda Karoq demo Model loaded With Extras
Audi A4 2008
Skoda Octavia sportline automatic 2.0tdi 150HP B
SEAT Arona reversing Sensors 1.0tsi 95hp
Skoda Kamiq Selection 1.0tsi 115HP
Audi A4 2022
BMW X5 2021
Skoda Octavia exclusive Model half Leather
Skoda Karoq electric Boot sportline 2.0tdi 115HP
Skoda Karoq big Engine top Spec - Style Model 2.
Skoda Kodiaq facelift Model selection 2.0tdi 150
Skoda Karoq panoramic Sunroof electric Boot spor
Skoda Superb automatic full Leather 2.0 TDI 150B
Audi A4 S LN BLK ED 40TDI QUATTRO
Skoda Karoq like New Ambition 1.6tdi
Skoda Superb style Model Electric Boot 2.0tdi
Skoda Karoq automatic ambition 2.0tdi 115HP DSG
Skoda Karoq sunroof sportline 2.0tdi 115HP
Skoda Karoq low Mileage ambition Model 2.0tdi 1
Skoda Superb sportline top Spec Superb Mk4 2.0td
Skoda Kodiaq beige Leather electric Boot style W
Skoda Karoq 150 Bhp Style Model 2.0tdi
Audi A1 AUTOMATIC 1.4 PETROL
Audi A1 AUTOMATIC 1.4 PETROL
Audi A3 AUTOMATIC 1.4 TFSI
Audi Q2 AUTOMATIC 1.0 TFSI
Audi A5 QUATTRO S-LINE AUTOMATIC
Skoda Karoq automatic top Spec - Style 2.0tdi 11
Skoda Karoq upgraded Leather top Spec - Style 2.
Skoda Octavia estate combi Ambition 1.6tdi 115HP
Skoda Octavia petrol ambition 1.0tsi 115HP
Skoda Octavia style Model 2.0tdi 115HP
Skoda Kodiaq style--automatic--7 Seater
Skoda Kamiq upgraded Leather Pack style 1.0tsi 1
Skoda Octavia automatic loaded With Extras style
Fiat 500 Automatic 1.2 Petrol Lounge
Peugeot 5008 1.5 Diesel Allure 130BHP 7 Seats
Peugeot 3008 Automatic 1.2 Petrol Hybrid Allure 1
DS Automobiles DS 4 1.6 Diesel S S Elegance
Peugeot 5008 1.5 Diesel 130BHP Allure 7 Seater
Peugeot 5008 1.5 Diesel 130BHP Allure 7 Seater
Skoda Fabia 1.0 Petrol Ambition
Peugeot 5008 Electric 210BHP Allure 7 Seater dem
Peugeot 308 Automatic 1.2 Petrol Allure 130BHP
Peugeot 5008 Automatic 1.2 Petrol Hybrid Allure 1
Audi A4 2015
AUDI A1 2015 1.4TFSI PETROL AUTOMATIC
Audi A6 LIMOUSINE 2.0 TDI 150 SE 4DR
BMW 5-Series 2016
Audi A6 2019
BMW 5-Series M Sport Diesel 2013
Kitted BMW 5-Series MSport 2019
2018 Opel Crossland X 1.2i SE Petrol
Audi A3 2.0 TDI 150 SE 4DR
Audi A4 2.0 TDI SE ULTRA S/S 148BHP 4DR 150PS
Audi A4 2.0 TDI SE ULTRA TECHNIK 5DR 163PS
Audi A6 SPORT 40 TDI S-A
BMW 5-Series D G30 M SPORT XDRIVE 4DR A AUTO
Audi A4 S LINE 35 TDI S-A AVANT
BMW 5-Series 518D SE 5C12 4DR AUTO
Peugeot 5008 ACTIVE 1.6 HDI 115 4DR
Skoda Octavia 2016
Mini Cooper AUTOMATIC 1.2 PETROL
Peugeot Partner 850 S L1 HDI
BMW 3-Series F30 D M SPORT 4DR
Peugeot Bipper S HDI
Audi A4 2.0 TFSI S-LINE ESTATE
BMW 2-Series 218D 7 SEAT AUTOMATIC
2021 Audi A3 S LINE 40 1.4 TFSI E S-A (34K miles!)
BMW 2-Series 218D 2.0 DIESEL AUTOMATIC
Suzuki Swift AUTOMATIC 1.2 PETROL
Audi Q2 AUTOMATIC 1.0 TFSI
Audi A1 AUTOMATIC 1.4 PETROL
BMW 3-Series 330E E-DRIVE PETROL HYBRID
BMW 3-Series 320D M-SPORT TOURING
Peugeot 2008 AUTOMATIC 1.2 PETROL ALLURE
Audi A3 182 SPORT SEDAN AUTOMATIC
Mini Cooper AUTOMATIC 1.2 PETROL
Peugeot 208 AUTOMATIC 1.2 PETROL
Peugeot 2008 AUTOMATIC 1.2 PETROL CROSS CITY MODEL
Peugeot 2008 AUTOMATIC 1.2 PETROL
Peugeot 5008 ALLURE 1.2 PETROL AUTOMATIC
Audi A1 AUTOMATIC 1.4 PETROL
BMW 3-Series 330E M SPORT PLUG IN HYBRID
Audi A1 AUTOMATIC 1.4 PETROL
Audi A4 S LINE QUATTRO ESTATE 2.0 AUTOMATIC
Peugeot Partner 625 PROFESSIONAL L1
2014 Audi A4 2.0D TDI 120HP SE
Peugeot Partner 1.6 HDI 625S L1
Audi A4 S LINE 35 TDI S-A
Skoda Kodiaq STYLE 2.0 TDI 150HP DSG 4 4DR AUTO
MERCEDES A CLASS 2016 AMG LINE AUTO PANORAMIC ROOF
Audi A3 TECHNIK 30 TDI
Peugeot Partner S L1 BLUE HDI
Skoda Fabia AMBIENTE COMBI 1.6 TDI 55KW 4DR
Peugeot 508, Allure, 2019 AUTOMATIC
Audi A5 2.0 TDI SE TECHNIK ULTRA 13 134BHP 5DR
Peugeot Expert 1.6 HDI 1200 L2H1 6DR SWB
SEAT Leon 2017
2019 BMW 5-Series M Sport Auto
BMW 5-Series 2016
NOW RESERVED
NOW RESERVED
NOW RESERVED
NOW RESERVED
Audi A5 SEDAN SE E-HYBRID QUATTRO 295BHP AUTOMATIC
2025 SUZUKI SWIFT MOTION 1.2 HYBRID
Peugeot 5008 Allure Top Spec New NCT
Suzuki Vitara 1.4 Hybrid Sz-t
SEAT Leon 1.0TSI 110HP 5DR SE PLUS
BMW X5 Xdrive50e M Sport
Opel Mokka SC 1.7 CDTI 4DR
Honda ZR-V E hev Sport leather Seats
2018 Opel Crossland X .6CDTi Low Mileage
Audi A5 SEDAN EDITION ONE S-LINE 2.0TDI 204HBP AUT
New Isuzu D-Max LSE Pick Up
2015 (152) AUDI A6 2.0 TDI 190bhp. S-LINE SAL.
BMW 2 Series 218i M Sport Gran Coupe
2025 BYD Sealion 7 Comfort
Volkswagen Amarok Panamericana X 3.0tdi 237BHP Au
Peugeot 3008 2022
Ford Capri Ford Capri Premium Extended Range. Wha
Audi Q3 2.0 35TDI 150BHP SE AUTOMATIC WITH COMFORT
Skoda Kodiaq 2.0tdi 150BHP 4X4 Style 7 Seater 6 S
FOCUS 1.5TDCi ST-LINE X 120PS WITH EXTRAS
Peugeot 308 261 Offer - Peugeot 308 1.2 Hybrid Al
SEAT Alhambra 2012 Low Miles New Nct
Peugeot 208 261 Offer - Peugeot 208 1.2 Hybrid Al
Mazda MX-30 Exclusive-line E-skyactiv
BMW 3-Series D M SPORT ZLMG 4DR AUTO
SEAT Ibiza 1.0TSI 95BHP SE PLUS
Opel Corsa Elegance 1.2 75ps
SEAT Arona 1.0tsi 110hp SE
Bmw 320D X- Drive 2.0 Diesel Automatic ( Low Km )
Peugeot 408 261 Offer - Peugeot 408 Allure Hybrid
Peugeot 2008 261 Offer - Peugeot E2008 Allure Hyb
BMW X5 Xdrive50e M Sport
SEAT Leon FR 2.0TDI 150HP DSG
Audi A5 AVANT EDITION ONE SE 2.0TDI 204BHP AUTOMAT
2025 BYD Seal Excellence AWD
Suzuki Vitara 1.5 HEV Sz-t
2011 Renault Laguna 1.5 DCI 110 DYNAMIQUE ECO2
2016 (162) VOLVO V40 2.0 D2 120bhp. MOMENTUM 5dr.
Fiat Punto
Skoda superb
Mercedes
Avensis
Fiat 500 1.2 LOUNGE 69BHP 3DR
SEAT Ibiza FR 40 1.0tsi- Demo Model
2024 FOCUS 1.0T ST LINE 5DR 125PS M6
KAMIQ 1.0 TSI SELECTION
Opel Frontera GS Hybrid 136PS
SEAT Ateca 2020 Seat Ateca 1.6tdi 115hp SE
Audi A5 SEDAN EDITION ONE SE 2.0TDI 204BHP AUTOMAT
Volvo EX30 Ultra 428bhp Twin Motor AWD 69kwh (pan
Peugeot 3008 2021 Peugeot 3008 Blue 1.2 Puretech
Peugeot 3008 Peugeot 3008 BEV 73kwh 210BHP GT
Peugeot Partner Tepee (WAV)
Opel Mokka Elegance 1.2 136ps
Peugeot 5008 2020
Opel Corsa CORSA-E SC 1.4 I 90PS 5DR
Mazda CX-60 Prime Line Phev 2.5 AWD 327PS
Peugeot 3008 ACTIVE 1.6 BLUE HDI 120 4 4DR
Renault Symbioz Techno TCe 140 My25
2016 (162) VOLVO V40 2.0 D2 120bhp. MOMENTUM 5dr.
2014 VITZ AUTOMATIC LOW MILEAGE
2015 VITZ AUTOMATIC LOW MILEAGE HIGH SPEC
2023 SEAT Tarraco 2.0tdi 150hp 7s Se+ 5d
Audi Q5 2017 2.0tdi Quattro Auto
BMW X1 Sdrive18d Xline (bmw Warranty / AA Members
BMW 420 D M SPORT AUTO
2025 BYD SEALION 7
Hyundai Bayon Order Your 261 Bayon - Executive 1.
Cupra Formentor 1.5TSI 150BHP 5DR AUTOMATIC
SEAT Leon 2.0TDI 150BHP 5DR AUTOMATIC SP
BMW X3 Xdrive30 M Sport
Peugeot 408 2025 Peugeot 408 1.2 Puretech 130bhp
Opel Corsa 1.2 Elegance
Audi A3 SALOON 30TDI S-LINE WITH COMFORT PACK
Audi A4 2.0 TDI 120 4DR S-Line Diesel
BMW 5 Series 520D M Sport Touring 211
2025 BYD Atto 3 Comfort
Volvo S40 1.8 SE FLEXIFUEL FFV
Peugeot 2008 2023 Peugeot 2008 1.2 Puretech 100bh
2017 BMW 218 Dsl 2.0 Automatic 7-Seater
Opel Grandland EV GS 100 Electric
2023 PUMA 1.0 TITANIUM AUTOMATIC 125PS
SEAT Arona 1.0tsi 110hp SE
Audi A6 2012
Peugeot 5008 1.6 HDI ACCESS 113BHP 5DR
Peugeot 2008 2016 1.6 Blue Hdi 75bhp Active
Audi A6 2013 2.0 TDI SE
2018 Skoda Citigo 1.0MPI AMBITION Petrol
2016 Skoda Octavia 1.6D TDI AMBITION 110HP
2016 Skoda Octavia ACTIVE 1.6TDI 90HP
Peugeot 3008 2016
Opel Astra 2015
SsangYong Tivoli 2016 Diesel 1.6
17 Insignia MIN 2K TRADE IN ALLOWE
Peugeot Partner HORIZON RS BLUE HDI S/S
Peugeot Partner 850 S L1 BLUE HDI
2015 Skoda Superb 1.6 TDI Ambition
Skoda Octavia fresh Into Stock elegance Trim 1.6
Peugeot Partner BLUE HDI L1
Skoda Octavia estate active 1.6tdi 110HP
Skoda Octavia exclusive Model half Leather
Audi A4 2.0 TDI SE ULTRA TECHNIK 5DR 163PS
Peugeot Bipper S HDI
Peugeot Partner 625 PROFESSIONAL L1
Peugeot Partner 1.6 HDI 625S L1
Peugeot Partner S L1 BLUE HDI
Skoda Fabia AMBIENTE COMBI 1.6 TDI 55KW 4DR
Peugeot 2008 2016 1.6 Blue Hdi 75bhp Active
2016 Skoda Octavia ACTIVE 1.6TDI 90HP
Peugeot 3008 2016
Opel Astra 2015
SsangYong Tivoli 2016 Diesel 1.6
17 Insignia MIN 2K TRADE IN ALLOWE
Peugeot Partner HORIZON RS BLUE HDI S/S
Peugeot Partner 850 S L1 BLUE HDI
2015 Skoda Superb 1.6 TDI Ambition
Skoda Octavia fresh Into Stock elegance Trim 1.6
Skoda Octavia estate active 1.6tdi 110HP
Skoda Octavia exclusive Model half Leather
Peugeot Partner 1.6 HDI 625S L1
Peugeot Partner S L1 BLUE HDI
Peugeot 208 2013 low klms
Fiat Punto 2015 1.2
BMW 5-Series m sport auto 2.0 diesel 2012
Audi A6 2012
Audi A3 1.6 TDI SE 110PS 5DR
Audi A4 2.0 S LINE 40 TDI 190PS 4 AUTO 4DR
Audi A3 SE TECHNIK TDI
BMW 3-Series F30 D SPORT 4DR
Audi A3 1.6 TDI SE TECHNIK 110PS 5DR
2010 Audi A4 S-Line NO NCT
Peugeot 208 2013 low klms
Fiat Punto 2015 1.2
Peugeot 208 2013 low klms
🦏 BMW 5-Series 2011 NEW NCT .black leather🦏
Peugeot 3008 1.6 Hdi 115 bhp Active - Automoatic
2013 RENAULT FLEUNCE 1.5 dci. R-LINK
BMW 5-Series 523D M-SPORT Automatic, Reverse camer
BMW 5-Series 2.0 Automatic
BMW 5-Series 523D M-Sport Automatic
BMW 3-Series 320D xDrive Touring M-Sport Automatic
Peugeot 5008 1.6 HDI ACCESS 113BHP 5DR
Peugeot 208 2013 low klms
Fiat Punto 2015 1.2
Peugeot 2008 2016 1.6 Blue Hdi 75bhp Active
BMW 5-Series 530E M-SPORT EDITION Automatic
Peugeot 508 2012
Audi A6 2013 2.0 TDI SE
Opel Astra 2014, New NCT
Opel Insignia 2014, New NCT
Peugeot 208 2013 low klms
Fiat Punto 2015 1.2
BMW 5-Series 2010
Volvo S80 2007
2018 Skoda Citigo 1.0MPI AMBITION Petrol
2013 Opel Astra ECOFLEX 1.3D CDTI 16V
2016 Skoda Octavia 1.6D TDI AMBITION 110HP
2016 Skoda Octavia ACTIVE 1.6TDI 90HP
🦏 Peugeot Partner 2017.NEW TEST.professional mode
Peugeot 3008 2016
Opel Astra 2015
Peugeot 208 2013 low klms
Fiat Punto 2015 1.2
SEAT Ibiza 2012
🦏 Chevrolet Kalos 2008 1.2.NEW NCT JUST PASSED🦏
Audi A3 Sportsback 1.4 TFSI Automatic, Reversing c
BMW Other M-SPORT Automatic, Sun roof
Volvo V40 2014 1 Owner !!!
Suzuki Vitara GL Plus 152 1,6 diesel Jeep !!!
Fiat 500L 2014 7seat Automatic !!!
Peugeot 3008 2010 📞 085 2697260
Skoda Rapid 2017 1.4 diesel call 085 2697260
Skoda octivia 152. Nct7-26tax 4-25. Call 085 26972
Fiat Panda 2012
Fiat Punto 2015 1.2
Peugeot 208 2013 low klms
SsangYong Tivoli 2016 Diesel 1.6
11 Mondeo new 12 mth nct
17 Insignia MIN 2K TRADE IN ALLOWE
2010 Peugeot 207 SE + 1.4Diesel NCT 09/26 2 owners
Audi A3 Audi A3 Sportback 30 TFS
BMW 5-Series 523D M-SPORT Automatic
BMW 5-Series BMW 5 Series Hybrid M-SPORT
SEAT Leon 1.6 TDI 105HP COPA 4DR
2016 Peugeot 2008 ALLURE
2016 SEAT IBIZA 1.4 TDI DIESEL VAN
Audi TT 2.0TFSI 200hp Manual Coupe 2dr
Peugeot 208 2013 low klms
Fiat Punto 2015 1.2
Fiat 500 Automatic
🦏 Peugeot 5008 2012.NEW NCT.1 OWNER.LOW MILES 🦏
🦏 BMW 5-Series 2013 AUTO.NEW NCT.spotless 🦏
Audi A4 2.0 TDI ULTRA 150 S-LINE
Suzuki SX4 1.5 GL 5DR
C MAX ACTIVE 1.6 TDCI 95PS MY11 4
BMW 3-Series D XDRIVE M SPORTS 4WD Xdrive Automati
Audi A3 Sportback 30TFSI Sport Signature Reversing
Peugeot 308 2015
Peugeot 208 2013 Automatic
Peugeot 508 2017
Peugeot 208 2013 low klms
Fiat Punto 2015 1.2
Peugeot Partner 2018
Peugeot Partner HORIZON RS BLUE HDI S/S
Mazda Mazda5 2008 7 seater NCT and tax
SEAT Toledo 2014
Peugeot 5008 2013
Peugeot Partner 850 S L1 BLUE HDI
Audi A6 40 TDI S LINE BLACK EDITION **PAN ROOF**
Citroen C5 1.6 HDI VTR 4DR VTR+
Fiat Punto 2015 1.2
Mini Cooper Clubman 1.6L Full Service History
Fiat Punto 2015 1.2
Peugeot 208 2013 low klms
Peugeot 3008 2013 nct29-8-26 call 📞 085 2697260
Opel Astra 2014 CDTI LOW KMS
Skoda Octavia 2013 Petrol Low KMS
Mitsubishi Mirage 2013 Automatic
251 BYD SEAL U BOOST PHEV Plug In Petrol Hybrid
Volvo S80 2.0 D4 (181hp) SE LUX Geartronic
2015 Skoda Superb 1.6 TDI Ambition
Skoda Octavia 2016
BMW 5-Series D F10 SE 4DR
Skoda Fabia Active 1.2 HTP
2011 Audi A6 S Line Long TAx & Test 06/26
Opel Astra 2014.call 085 2697260
Fiat Punto 2015 1.2
Peugeot 208 2013 low klms
Skoda Octavia fresh Into Stock elegance Trim 1.6
SELL YOUR CAR TODAY €€€€€€
Hyundai Sonata Hyundai Sonata Classic 4 DR
Peugeot 3008 Peugeot 3008 Active 1.6hdi 115 4DR
Opel Corsa CORSA-E SC 1.4 I 90PS 5DR
Peugeot Partner BLUE HDI L1
Skoda Octavia estate active 1.6tdi 110HP
Audi A4 2008
Skoda Octavia exclusive Model half Leather
SEAT Ibiza SC 1.2 REFERENCE SE 2DR
2014 Mitsubishi mirage automatic 1.0
2013 NISSAN CUBE automatic
Opel Zafira 2015 diesel 7 seater
2014 Suzuki splash automatic 1.0
2015 Mitsubishi mirage 1.0 auto
2014 suzuki swift 1.2 auto
Fiat Punto 2015 1.2
Peugeot 208 2013 low klms
* REMAPPING */DPF & AD BLUE SOLUTIONS
Skoda Rapid 2014
Mini Cooper ,new NCT, WARRANTY
Pre Purchase Inspections Cars, Vans, Jeeps
2015 Skoda Superb Elegance 2.0 170HP NCT 05/26
SEAT IBIZA LOW MILAGE TAXED/NCTD
Fiat Punto 2015 1.2
Peugeot 208 2013 low klms
Audi A4 2.0 TDI SE ULTRA TECHNIK 5DR 163PS
Audi A6 2.0 TDI S LINE 40 204PS 4DR A
Peugeot 5008 ACTIVE 1.6 HDI 115 4DR
Peugeot Partner 850 S L1 HDI
Peugeot Bipper S HDI
2010 Clio 1.1 petrol, NCT to August 2026, taxed
Peugeot Partner 625 PROFESSIONAL L1
Peugeot Partner 1.6 HDI 625S L1
DEPOSIT TAKEN..
Peugeot Partner S L1 BLUE HDI
Skoda Fabia AMBIENTE COMBI 1.6 TDI 55KW 4DR
Fiat Punto 2015 1.2
Peugeot 208 2013 low klms
Pre Purchase Car, Van, Jeep inspections
SALE NOW ON
New Peugeot e2008 Allure 54kWh 156bhp
Gammell Car Sales
National Motors
National Motors
Thomas Motors
Derek Considine Car Sales Ltd
